2022-04-11T07:34:26.892Z : [INFO   ] Server starts at http://localhost:4000
2022-04-11T07:35:41.372Z : [INFO   ] Server starts at http://localhost:4000
2022-04-11T07:36:05.599Z : [INFO   ] Server starts at http://localhost:4000
2022-04-11T07:36:28.876Z : [INFO   ] Server starts at http://localhost:4000
2022-04-14T10:30:21.008Z : [INFO   ] Server starts at http://localhost:4000
2022-04-14T10:30:43.267Z : [INFO   ] Server starts at http://localhost:4000
2022-04-14T10:37:01.025Z : [INFO   ] Server starts at http://localhost:4000
2022-04-14T10:38:34.755Z : [INFO   ] Server starts at http://localhost:4000
2022-04-14T10:38:38.177Z : [ERROR  ] snapshot.count is not a function
2022-04-14T10:39:00.737Z : [INFO   ] Server starts at http://localhost:4000
2022-04-14T10:43:24.944Z : [INFO   ] Server starts at http://localhost:4000
2022-04-14T10:45:14.612Z : [INFO   ] Server starts at http://localhost:4000
2022-04-14T10:45:53.401Z : [INFO   ] Server starts at http://localhost:4000
2022-04-14T10:46:03.695Z : [ERROR  ] Too many cursor values specified. The specified values must match the orderBy() constraints of the query.
2022-04-14T10:49:04.535Z : [INFO   ] Server starts at http://localhost:4000
2022-04-14T10:49:58.610Z : [INFO   ] Server starts at http://localhost:4000
2022-04-14T10:50:21.425Z : [INFO   ] Server starts at http://localhost:4000
2022-04-14T10:50:36.994Z : [INFO   ] Server starts at http://localhost:4000
2022-04-14T10:51:19.130Z : [INFO   ] Server starts at http://localhost:4000
2022-04-14T10:51:57.708Z : [INFO   ] Server starts at http://localhost:4000
2022-04-14T10:52:14.699Z : [INFO   ] Server starts at http://localhost:4000
2022-04-14T10:52:36.926Z : [INFO   ] Server starts at http://localhost:4000
2022-04-14T10:52:44.223Z : [INFO   ] Server starts at http://localhost:4000
2022-04-14T10:58:13.218Z : [INFO   ] Server starts at http://localhost:4000
2022-04-14T10:58:45.843Z : [INFO   ] Server starts at http://localhost:4000
2022-04-14T10:59:16.388Z : [ERROR  ] Value for argument "limit" is not a valid integer.
2022-04-14T11:00:06.260Z : [INFO   ] Server starts at http://localhost:4000
2022-04-14T12:40:47.609Z : [INFO   ] Server starts at http://localhost:4000
2022-04-14T12:41:18.996Z : [INFO   ] Server starts at http://localhost:4000
2022-04-14T12:41:44.566Z : [INFO   ] Server starts at http://localhost:4000
2022-04-14T12:47:41.298Z : [INFO   ] Server starts at http://localhost:4000
2022-04-14T12:48:14.021Z : [ERROR  ] Firebase ID token has expired. Get a fresh ID token from your client app and try again (auth/id-token-expired). See https://firebase.google.com/docs/auth/admin/verify-id-tokens for details on how to retrieve an ID token.
2022-04-14T13:04:20.612Z : [INFO   ] Server starts at http://localhost:4000
2022-04-14T13:05:28.206Z : [INFO   ] Server starts at http://localhost:4000
2022-04-14T13:06:00.133Z : [INFO   ] Server starts at http://localhost:4000
2022-04-14T13:06:41.309Z : [INFO   ] Server starts at http://localhost:4000
2022-04-14T13:07:11.932Z : [INFO   ] Server starts at http://localhost:4000
2022-04-14T13:08:33.515Z : [INFO   ] Server starts at http://localhost:4000
2022-04-14T13:08:36.895Z : [ERROR  ] Cannot read property 'phoneNo' of undefined
2022-04-14T13:09:04.841Z : [INFO   ] Server starts at http://localhost:4000
2022-04-14T13:09:07.502Z : [ERROR  ] Cannot read property 'phoneNo' of undefined
2022-04-14T13:09:20.520Z : [INFO   ] Server starts at http://localhost:4000
2022-04-14T13:09:23.063Z : [ERROR  ] Cannot read property 'phone' of undefined
2022-04-14T13:09:32.845Z : [INFO   ] Server starts at http://localhost:4000
2022-04-15T12:35:35.424Z : [INFO   ] Server starts at http://localhost:4000
2022-04-15T12:36:08.572Z : [ERROR  ] Firebase ID token has expired. Get a fresh ID token from your client app and try again (auth/id-token-expired). See https://firebase.google.com/docs/auth/admin/verify-id-tokens for details on how to retrieve an ID token.
2022-04-15T13:18:42.648Z : [INFO   ] Server starts at http://localhost:4000
2022-04-15T13:20:42.375Z : [INFO   ] Server starts at http://localhost:4000
2022-04-15T13:21:12.572Z : [INFO   ] Server starts at http://localhost:4000
2022-04-15T13:22:53.197Z : [INFO   ] Server starts at http://localhost:4000
2022-04-15T13:23:06.126Z : [INFO   ] Server starts at http://localhost:4000
2022-04-15T13:26:59.294Z : [INFO   ] Server starts at http://localhost:4000
2022-04-15T13:27:17.065Z : [INFO   ] Server starts at http://localhost:4000
2022-04-15T13:28:38.836Z : [INFO   ] Server starts at http://localhost:4000
2022-04-15T13:29:52.061Z : [INFO   ] Server starts at http://localhost:4000
2022-04-15T13:30:14.521Z : [INFO   ] Server starts at http://localhost:4000
2022-04-15T13:43:41.358Z : [INFO   ] Server starts at http://localhost:4000
2022-04-15T13:44:51.142Z : [INFO   ] Server starts at http://localhost:4000
2022-04-15T13:45:26.602Z : [INFO   ] Server starts at http://localhost:4000
2022-04-15T13:45:50.497Z : [INFO   ] Server starts at http://localhost:4000
2022-04-15T13:46:00.359Z : [INFO   ] Server starts at http://localhost:4000
2022-04-15T13:46:12.141Z : [ERROR  ] Firebase ID token has expired. Get a fresh ID token from your client app and try again (auth/id-token-expired). See https://firebase.google.com/docs/auth/admin/verify-id-tokens for details on how to retrieve an ID token.
2022-04-15T13:49:37.297Z : [INFO   ] Server starts at http://localhost:4000
2022-04-15T13:50:00.582Z : [INFO   ] Server starts at http://localhost:4000
2022-04-15T13:50:05.898Z : [ERROR  ] Value for argument "documentPath" is not a valid resource path. Path must be a non-empty string.
2022-04-15T13:50:05.901Z : [ERROR  ] [object Object]
2022-04-15T13:51:10.620Z : [INFO   ] Server starts at http://localhost:4000
2022-04-15T13:51:16.133Z : [ERROR  ] Value for argument "documentPath" is not a valid resource path. Path must be a non-empty string.
2022-04-15T13:51:16.134Z : [ERROR  ] [object Object]
2022-04-15T13:52:06.313Z : [INFO   ] Server starts at http://localhost:4000
2022-04-15T13:52:11.898Z : [INFO   ] Server starts at http://localhost:4000
2022-04-15T13:52:16.199Z : [ERROR  ] Value for argument "documentPath" is not a valid resource path. Path must be a non-empty string.
2022-04-15T13:52:16.201Z : [ERROR  ] [object Object]
2022-04-15T13:54:03.331Z : [INFO   ] Server starts at http://localhost:4000
2022-04-15T13:54:05.994Z : [ERROR  ] Value for argument "documentPath" is not a valid resource path. Path must be a non-empty string.
2022-04-15T13:54:05.997Z : [ERROR  ] [object Object]
2022-04-15T13:54:13.337Z : [INFO   ] Server starts at http://localhost:4000
2022-04-15T13:54:16.020Z : [ERROR  ] Value for argument "documentPath" is not a valid resource path. Path must be a non-empty string.
2022-04-15T13:54:16.021Z : [ERROR  ] [object Object]
2022-04-15T13:54:30.851Z : [INFO   ] Server starts at http://localhost:4000
2022-04-15T13:56:36.586Z : [INFO   ] Server starts at http://localhost:4000
2022-04-15T13:57:37.799Z : [INFO   ] Server starts at http://localhost:4000
2022-04-15T13:59:24.158Z : [INFO   ] Server starts at http://localhost:4000
2022-04-15T13:59:34.831Z : [INFO   ] Server starts at http://localhost:4000
2022-04-15T13:59:39.155Z : [ERROR  ] Cannot read property 'map' of undefined
2022-04-15T13:59:39.155Z : [ERROR  ] [object Object]
2022-04-15T14:00:16.552Z : [INFO   ] Server starts at http://localhost:4000
2022-04-15T14:01:59.468Z : [INFO   ] Server starts at http://localhost:4000
2022-04-15T14:02:01.802Z : [ERROR  ] Value for argument "fieldPath" is not a valid field path. Paths can only be specified as strings or via a FieldPath object.
2022-04-15T14:02:01.805Z : [ERROR  ] [object Object]
2022-04-15T14:08:55.232Z : [INFO   ] Server starts at http://localhost:4000
2022-04-15T14:09:00.357Z : [ERROR  ] Value for argument "opStr" is invalid. Acceptable values are: <, <=, ==, !=, >, >=, array-contains, in, not-in, array-contains-any
2022-04-15T14:09:00.359Z : [ERROR  ] [object Object]
2022-04-15T14:09:13.991Z : [INFO   ] Server starts at http://localhost:4000
2022-04-18T04:32:29.761Z : [INFO   ] Server starts at http://localhost:4000
2022-04-18T04:33:06.932Z : [ERROR  ] Firebase ID token has expired. Get a fresh ID token from your client app and try again (auth/id-token-expired). See https://firebase.google.com/docs/auth/admin/verify-id-tokens for details on how to retrieve an ID token.
2022-04-18T04:39:14.261Z : [ERROR  ] Firebase ID token has expired. Get a fresh ID token from your client app and try again (auth/id-token-expired). See https://firebase.google.com/docs/auth/admin/verify-id-tokens for details on how to retrieve an ID token.
2022-04-18T04:43:17.393Z : [INFO   ] Server starts at http://localhost:4000
2022-04-18T04:44:06.358Z : [INFO   ] Server starts at http://localhost:4000
2022-04-18T04:44:14.214Z : [ERROR  ] Cannot read property 'map' of undefined
2022-04-18T04:44:14.214Z : [ERROR  ] [object Object]
2022-04-18T04:50:43.897Z : [INFO   ] Server starts at http://localhost:4000
2022-04-18T04:50:48.961Z : [ERROR  ] Patient.doc(...).val is not a function
2022-04-18T04:50:48.963Z : [ERROR  ] [object Object]
2022-04-18T04:51:20.191Z : [INFO   ] Server starts at http://localhost:4000
2022-04-18T04:52:01.813Z : [INFO   ] Server starts at http://localhost:4000
2022-04-18T04:52:32.167Z : [INFO   ] Server starts at http://localhost:4000
2022-04-18T04:52:35.694Z : [INFO   ] Server starts at http://localhost:4000
2022-04-18T04:52:54.516Z : [ERROR  ] patient.deleteDoctor is not a function
2022-04-18T04:54:26.844Z : [INFO   ] Server starts at http://localhost:4000
